CPR-Assist-App/cpr_assist/build/app/outputs/mapping/release/seeds.txt
com.example.cpr_assist.MainActivity
com.example.cpr_assist.MainActivity: MainActivity()
...
androidx.appcompat.view.menu.ListMenuItemView: void setIcon(android.graphics.drawable.Drawable)
com.signify.hue.flutterreactiveble.ProtobufModel$ReadCharacteristicRequestOrBuilder: boolean hasCharacteristic()
androidx.appcompat.widget.LinearLayoutCompat: int getGravity()
com.signify.hue.flutterreactiveble.ProtobufModel$ChangeConnectionPriorityRequest$Builder: ProtobufModel$ChangeConnectionPriorityRequest$Builder()
com.signify.hue.flutterreactiveble.model.ScanMode: ScanMode(java.lang.String,int,int)
io.flutter.view.AccessibilityViewEmbedder: AccessibilityViewEmbedder(android.view.View,int)
com.signify.hue.flutterreactiveble.ble.ScanInfo: com.signify.hue.flutterreactiveble.ble.Connectable getConnectable()
com.google.protobuf.GeneratedMessageLite: com.google.protobuf.Internal$IntList mutableCopy(com.google.protobuf.Internal$IntList)
io.flutter.embedding.engine.FlutterJNI: void loadDartDeferredLibrary(int,java.lang.String[])
kotlin.jvm.internal.FunctionReference: boolean isExternal()
com.signify.hue.flutterreactiveble.ProtobufModel$DiscoverServicesRequest: com.signify.hue.flutterreactiveble.ProtobufModel$DiscoverServicesRequest$Builder newBuilder()
com.signify.hue.flutterreactiveble.ProtobufModel$ScanForDevicesRequest: com.signify.hue.flutterreactiveble.ProtobufModel$ScanForDevicesRequest parseFrom(java.io.InputStream)
com.google.protobuf.GeneratedMessageLite: com.google.protobuf.GeneratedMessageLite newMutableInstance()
androidx.appcompat.widget.LinearLayoutCompat: int getDividerWidth()
com.signify.hue.flutterreactiveble.PluginController$readCharacteristic$2: void invoke(java.lang.Throwable)
com.signify.hue.flutterreactiveble.ProtobufModel$DiscoveredService$Builder: com.signify.hue.flutterreactiveble.ProtobufModel$DiscoveredService$Builder setServiceUuid(com.signify.hue.flutterreactiveble.ProtobufModel$Uuid$Builder)
androidx.core.widget.NestedScrollView: int getScrollRange()
androidx.core.view.ViewConfigurationCompat$Api28Impl: int getScaledHoverSlop(android.view.ViewConfiguration)
com.signify.hue.flutterreactiveble.ProtobufModel$DiscoverServicesInfo: void removeServices(int)
com.google.errorprone.annotations.RestrictedApi: java.lang.String link()
io.flutter.plugins.GeneratedPluginRegistrant: void registerWith(io.flutter.embedding.engine.FlutterEngine)
com.signify.hue.flutterreactiveble.ProtobufModel$DeviceScanInfo: void addServiceUuids(int,com.signify.hue.flutterreactiveble.ProtobufModel$Uuid)
androidx.window.extensions.core.util.function.Consumer: void accept(java.lang.Object)
javax.annotation.RegEx$Checker: RegEx$Checker()
com.signify.hue.flutterreactiveble.ProtobufModel$DiscoveredCharacteristic: com.signify.hue.flutterreactiveble.ProtobufModel$DiscoveredCharacteristic parseDelimitedFrom(java.io.InputStream)
com.signify.hue.flutterreactiveble.ProtobufModel$Uuid: com.google.protobuf.Parser parser()
com.signify.hue.flutterreactiveble.ProtobufModel$ReadRssiRequest$Builder: com.signify.hue.flutterreactiveble.ProtobufModel$ReadRssiRequest$Builder setDeviceId(java.lang.String)
io.flutter.plugin.platform.SingleViewPresentation: SingleViewPresentation(android.content.Context,android.view.Display,io.flutter.plugin.platform.PlatformView,io.flutter.plugin.platform.AccessibilityEventsDelegate,int,android.view.View$OnFocusChangeListener)
androidx.fragment.app.SpecialEffectsController$Operation$LifecycleImpact: androidx.fragment.app.SpecialEffectsController$Operation$LifecycleImpact[] values()
androidx.appcompat.widget.Toolbar: void setNavigationOnClickListener(android.view.View$OnClickListener)
com.polidea.rxandroidble2.scan.IsConnectable: com.polidea.rxandroidble2.scan.IsConnectable valueOf(java.lang.String)
androidx.appcompat.widget.ActionBarContextView: void setContentHeight(int)
com.signify.hue.flutterreactiveble.ProtobufModel$DiscoveredCharacteristic: void setCharacteristicInstanceIdBytes(com.google.protobuf.ByteString)